Determining if the pthread_create exist failed with the following output:
Change Dir: /home/chromium/eos/build/CMakeFiles/CMakeTmp

Run Build Command:"/usr/bin/make" "cmTC_3ba3b/fast"
/usr/bin/make -f CMakeFiles/cmTC_3ba3b.dir/build.make CMakeFiles/cmTC_3ba3b.dir/build
make[1]: Entering directory '/home/chromium/eos/build/CMakeFiles/CMakeTmp'
Building C object CMakeFiles/cmTC_3ba3b.dir/CheckSymbolExists.c.o
/usr/bin/clang-4.0     -o CMakeFiles/cmTC_3ba3b.dir/CheckSymbolExists.c.o   -c /home/chromium/eos/build/CMakeFiles/CMakeTmp/CheckSymbolExists.c
Linking C executable cmTC_3ba3b
/usr/bin/cmake -E cmake_link_script CMakeFiles/cmTC_3ba3b.dir/link.txt --verbose=1
/usr/bin/clang-4.0       CMakeFiles/cmTC_3ba3b.dir/CheckSymbolExists.c.o  -o cmTC_3ba3b -rdynamic 
CMakeFiles/cmTC_3ba3b.dir/CheckSymbolExists.c.o: In function `main':
/home/chromium/eos/build/CMakeFiles/CMakeTmp/CheckSymbolExists.c:(.text+0x19): undefined reference to `pthread_create'
clang: error: linker command failed with exit code 1 (use -v to see invocation)
CMakeFiles/cmTC_3ba3b.dir/build.make:97: recipe for target 'cmTC_3ba3b' failed
make[1]: *** [cmTC_3ba3b] Error 1
make[1]: Leaving directory '/home/chromium/eos/build/CMakeFiles/CMakeTmp'
Makefile:126: recipe for target 'cmTC_3ba3b/fast' failed
make: *** [cmTC_3ba3b/fast] Error 2

File /home/chromium/eos/build/CMakeFiles/CMakeTmp/CheckSymbolExists.c:
/* */
#include <pthread.h>

int main(int argc, char** argv)
{
  (void)argv;
#ifndef pthread_create
  return ((int*)(&pthread_create))[argc];
#else
  (void)argc;
  return 0;
#endif
}

